0 info it worked if it ends with ok
1 verbose cli [ '/usr/local/Cellar/node/5.1.0/bin/node',
1 verbose cli   '/usr/local/bin/npm',
1 verbose cli   'start' ]
2 info using npm@3.3.12
3 info using node@v5.1.0
4 verbose run-script [ 'prestart', 'start', 'poststart' ]
5 info lifecycle app@1.0.0~prestart: app@1.0.0
6 verbose lifecycle app@1.0.0~prestart: unsafe-perm in lifecycle true
7 verbose lifecycle app@1.0.0~prestart: PATH: /usr/local/lib/node_modules/npm/bin/node-gyp-bin:/Users/raven/Projects/LibraryProject/app/node_modules/.bin:/usr/local/bin:/usr/bin:/bin:/usr/sbin:/sbin:/Users/raven/bin
8 verbose lifecycle app@1.0.0~prestart: CWD: /Users/raven/Projects/LibraryProject/app
9 silly lifecycle app@1.0.0~prestart: Args: [ '-c', 'babel-node tools/startMessage.js' ]
10 silly lifecycle app@1.0.0~prestart: Returned: code: 0  signal: null
11 info lifecycle app@1.0.0~start: app@1.0.0
12 verbose lifecycle app@1.0.0~start: unsafe-perm in lifecycle true
13 verbose lifecycle app@1.0.0~start: PATH: /usr/local/lib/node_modules/npm/bin/node-gyp-bin:/Users/raven/Projects/LibraryProject/app/node_modules/.bin:/usr/local/bin:/usr/bin:/bin:/usr/sbin:/sbin:/Users/raven/bin
14 verbose lifecycle app@1.0.0~start: CWD: /Users/raven/Projects/LibraryProject/app
15 silly lifecycle app@1.0.0~start: Args: [ '-c', 'npm-run-all --parallel open:src' ]
16 silly lifecycle app@1.0.0~start: Returned: code: 1  signal: null
17 info lifecycle app@1.0.0~start: Failed to exec start script
18 verbose stack Error: app@1.0.0 start: `npm-run-all --parallel open:src`
18 verbose stack Exit status 1
18 verbose stack     at EventEmitter.<anonymous> (/usr/local/lib/node_modules/npm/lib/utils/lifecycle.js:232:16)
18 verbose stack     at emitTwo (events.js:87:13)
18 verbose stack     at EventEmitter.emit (events.js:172:7)
18 verbose stack     at ChildProcess.<anonymous> (/usr/local/lib/node_modules/npm/lib/utils/spawn.js:24:14)
18 verbose stack     at emitTwo (events.js:87:13)
18 verbose stack     at ChildProcess.emit (events.js:172:7)
18 verbose stack     at maybeClose (internal/child_process.js:818:16)
18 verbose stack     at Process.ChildProcess._handle.onexit (internal/child_process.js:211:5)
19 verbose pkgid app@1.0.0
20 verbose cwd /Users/raven/Projects/LibraryProject/app
21 error Darwin 14.3.0
22 error argv "/usr/local/Cellar/node/5.1.0/bin/node" "/usr/local/bin/npm" "start"
23 error node v5.1.0
24 error npm  v3.3.12
25 error code ELIFECYCLE
26 error app@1.0.0 start: `npm-run-all --parallel open:src`
26 error Exit status 1
27 error Failed at the app@1.0.0 start script 'npm-run-all --parallel open:src'.
27 error Make sure you have the latest version of node.js and npm installed.
27 error If you do, this is most likely a problem with the app package,
27 error not with npm itself.
27 error Tell the author that this fails on your system:
27 error     npm-run-all --parallel open:src
27 error You can get their info via:
27 error     npm owner ls app
27 error There is likely additional logging output above.
28 verbose exit [ 1, true ]
